<?xml version="1.0" encoding="UTF-8"?>
<!-- Generated by org.testng.reporters.JUnitReportReporter -->
<testsuite hostname="DESKTOP-QBK9CDU" failures="0" tests="1" name="testNG.CompatibleSuit" time="14.191" errors="0" timestamp="2023-01-06T12:47:53 IST" skipped="0">
  <testcase classname="testNG.CompatibleSuit" name="TC1" time="14.191"/>
  <system-out/>
</testsuite> <!-- testNG.CompatibleSuit -->
