<?xml version="1.0" encoding="UTF-8"?>
<!-- Generated by org.testng.reporters.JUnitReportReporter -->
<testsuite hostname="DESKTOP-QBK9CDU" failures="0" tests="1" name="testNG.MultiSuit" time="11.277" errors="0" timestamp="2023-01-06T12:57:02 IST" skipped="0">
  <testcase classname="testNG.MultiSuit" name="Tc" time="11.277"/>
  <system-out/>
</testsuite> <!-- testNG.MultiSuit -->
