<?xml version="1.0" encoding="UTF-8"?>
<!-- Generated by org.testng.reporters.JUnitReportReporter -->
<testsuite hostname="DESKTOP-QBK9CDU" failures="0" tests="3" name="testNG.Compatibility4" time="111.475" errors="0" timestamp="2023-01-07T12:18:36 IST" skipped="0">
  <testcase classname="testNG.Compatibility4" name="tc" time="32.376"/>
  <system-out/>
  <testcase classname="testNG.Compatibility4" name="tc" time="36.750"/>
  <system-out/>
  <testcase classname="testNG.Compatibility4" name="tc" time="42.349"/>
  <system-out/>
</testsuite> <!-- testNG.Compatibility4 -->
