<?xml version="1.0" encoding="UTF-8"?>
<!-- Generated by org.testng.reporters.JUnitReportReporter -->
<testsuite hostname="DESKTOP-QBK9CDU" failures="0" tests="3" name="testNG.Compatibility3" time="80.569" errors="0" timestamp="2023-01-07T11:52:52 IST" skipped="0">
  <testcase classname="testNG.Compatibility3" name="Tc1" time="18.935"/>
  <system-out/>
  <testcase classname="testNG.Compatibility3" name="Tc1" time="21.689"/>
  <system-out/>
  <testcase classname="testNG.Compatibility3" name="Tc1" time="39.945"/>
  <system-out/>
</testsuite> <!-- testNG.Compatibility3 -->
