<?xml version="1.0" encoding="UTF-8"?>
<!-- Generated by org.testng.reporters.JUnitReportReporter -->
<testsuite hostname="DESKTOP-QBK9CDU" failures="0" tests="3" name="testNG.Compatibility5" time="54.957" errors="0" timestamp="2023-01-07T12:42:11 IST" skipped="0">
  <testcase classname="testNG.Compatibility5" name="tc" time="12.540"/>
  <system-out/>
  <testcase classname="testNG.Compatibility5" name="tc" time="24.402"/>
  <system-out/>
  <testcase classname="testNG.Compatibility5" name="tc" time="18.015"/>
  <system-out/>
</testsuite> <!-- testNG.Compatibility5 -->
